  Road_Runner.cpp
C:\cg_lib\vcpkg\installed\x64-windows\include\GL\gl.h(1157,11): error C2144: syntax error: 'void' should be preceded by ';'
C:\cg_lib\vcpkg\installed\x64-windows\include\GL\gl.h(1157,16): error C4430: missing type specifier - int assumed. Note: C++ does not support default-int
C:\cg_lib\vcpkg\installed\x64-windows\include\GL\gl.h(1157,16): error C2182: 'APIENTRY': this use of 'void' is not valid
C:\cg_lib\vcpkg\installed\x64-windows\include\GL\gl.h(1157,25): error C2146: syntax error: missing ';' before identifier 'glAccum'
C:\cg_lib\vcpkg\installed\x64-windows\include\GL\gl.h(1157,59): error C4430: missing type specifier - int assumed. Note: C++ does not support default-int
C:\cg_lib\vcpkg\installed\x64-windows\include\GL\gl.h(1158,11): error C2144: syntax error: 'void' should be preceded by ';'
C:\cg_lib\vcpkg\installed\x64-windows\include\GL\gl.h(1158,16): error C4430: missing type specifier - int assumed. Note: C++ does not support default-int
C:\cg_lib\vcpkg\installed\x64-windows\include\GL\gl.h(1158,1): error C2086: 'int WINGDIAPI': redefinition
C:\cg_lib\vcpkg\installed\x64-windows\include\GL\gl.h(1157,1): message : see declaration of 'WINGDIAPI'
C:\cg_lib\vcpkg\installed\x64-windows\include\GL\gl.h(1158,16): error C2182: 'APIENTRY': this use of 'void' is not valid
C:\cg_lib\vcpkg\installed\x64-windows\include\GL\gl.h(1158,16): error C2086: 'int APIENTRY': redefinition
C:\cg_lib\vcpkg\installed\x64-windows\include\GL\gl.h(1157,16): message : see declaration of 'APIENTRY'
C:\cg_lib\vcpkg\installed\x64-windows\include\GL\gl.h(1158,25): error C2146: syntax error: missing ';' before identifier 'glAlphaFunc'
C:\cg_lib\vcpkg\installed\x64-windows\include\GL\gl.h(1158,64): error C4430: missing type specifier - int assumed. Note: C++ does not support default-int
C:\cg_lib\vcpkg\installed\x64-windows\include\GL\gl.h(1159,21): error C4430: missing type specifier - int assumed. Note: C++ does not support default-int
C:\cg_lib\vcpkg\installed\x64-windows\include\GL\gl.h(1159,1): error C2086: 'int WINGDIAPI': redefinition
C:\cg_lib\vcpkg\installed\x64-windows\include\GL\gl.h(1157,1): message : see declaration of 'WINGDIAPI'
C:\cg_lib\vcpkg\installed\x64-windows\include\GL\gl.h(1159,11): error C2146: syntax error: missing ';' before identifier 'GLboolean'
C:\cg_lib\vcpkg\installed\x64-windows\include\GL\gl.h(1160,11): error C2144: syntax error: 'void' should be preceded by ';'
C:\cg_lib\vcpkg\installed\x64-windows\include\GL\gl.h(1160,16): error C4430: missing type specifier - int assumed. Note: C++ does not support default-int
C:\cg_lib\vcpkg\installed\x64-windows\include\GL\gl.h(1160,1): error C2086: 'int WINGDIAPI': redefinition
C:\cg_lib\vcpkg\installed\x64-windows\include\GL\gl.h(1157,1): message : see declaration of 'WINGDIAPI'
C:\cg_lib\vcpkg\installed\x64-windows\include\GL\gl.h(1160,16): error C2182: 'APIENTRY': this use of 'void' is not valid
C:\cg_lib\vcpkg\installed\x64-windows\include\GL\gl.h(1160,16): error C2086: 'int APIENTRY': redefinition
C:\cg_lib\vcpkg\installed\x64-windows\include\GL\gl.h(1157,16): message : see declaration of 'APIENTRY'
C:\cg_lib\vcpkg\installed\x64-windows\include\GL\gl.h(1160,25): error C2146: syntax error: missing ';' before identifier 'glArrayElement'
C:\cg_lib\vcpkg\installed\x64-windows\include\GL\gl.h(1160,49): error C4430: missing type specifier - int assumed. Note: C++ does not support default-int
C:\cg_lib\vcpkg\installed\x64-windows\include\GL\gl.h(1161,11): error C2144: syntax error: 'void' should be preceded by ';'
C:\cg_lib\vcpkg\installed\x64-windows\include\GL\gl.h(1161,16): error C4430: missing type specifier - int assumed. Note: C++ does not support default-int
C:\cg_lib\vcpkg\installed\x64-windows\include\GL\gl.h(1161,1): error C2086: 'int WINGDIAPI': redefinition
C:\cg_lib\vcpkg\installed\x64-windows\include\GL\gl.h(1157,1): message : see declaration of 'WINGDIAPI'
C:\cg_lib\vcpkg\installed\x64-windows\include\GL\gl.h(1161,16): error C2182: 'APIENTRY': this use of 'void' is not valid
C:\cg_lib\vcpkg\installed\x64-windows\include\GL\gl.h(1161,16): error C2086: 'int APIENTRY': redefinition
C:\cg_lib\vcpkg\installed\x64-windows\include\GL\gl.h(1157,16): message : see declaration of 'APIENTRY'
C:\cg_lib\vcpkg\installed\x64-windows\include\GL\gl.h(1161,25): error C2146: syntax error: missing ';' before identifier 'glBegin'
C:\cg_lib\vcpkg\installed\x64-windows\include\GL\gl.h(1161,46): error C4430: missing type specifier - int assumed. Note: C++ does not support default-int
C:\cg_lib\vcpkg\installed\x64-windows\include\GL\gl.h(1162,11): error C2144: syntax error: 'void' should be preceded by ';'
C:\cg_lib\vcpkg\installed\x64-windows\include\GL\gl.h(1162,16): error C4430: missing type specifier - int assumed. Note: C++ does not support default-int
C:\cg_lib\vcpkg\installed\x64-windows\include\GL\gl.h(1162,1): error C2086: 'int WINGDIAPI': redefinition
C:\cg_lib\vcpkg\installed\x64-windows\include\GL\gl.h(1157,1): message : see declaration of 'WINGDIAPI'
C:\cg_lib\vcpkg\installed\x64-windows\include\GL\gl.h(1162,16): error C2182: 'APIENTRY': this use of 'void' is not valid
C:\cg_lib\vcpkg\installed\x64-windows\include\GL\gl.h(1162,16): error C2086: 'int APIENTRY': redefinition
C:\cg_lib\vcpkg\installed\x64-windows\include\GL\gl.h(1157,16): message : see declaration of 'APIENTRY'
C:\cg_lib\vcpkg\installed\x64-windows\include\GL\gl.h(1162,25): error C2146: syntax error: missing ';' before identifier 'glBindTexture'
C:\cg_lib\vcpkg\installed\x64-windows\include\GL\gl.h(1162,70): error C4430: missing type specifier - int assumed. Note: C++ does not support default-int
C:\cg_lib\vcpkg\installed\x64-windows\include\GL\gl.h(1163,11): error C2144: syntax error: 'void' should be preceded by ';'
C:\cg_lib\vcpkg\installed\x64-windows\include\GL\gl.h(1163,16): error C4430: missing type specifier - int assumed. Note: C++ does not support default-int
C:\cg_lib\vcpkg\installed\x64-windows\include\GL\gl.h(1163,1): error C2086: 'int WINGDIAPI': redefinition
C:\cg_lib\vcpkg\installed\x64-windows\include\GL\gl.h(1157,1): message : see declaration of 'WINGDIAPI'
C:\cg_lib\vcpkg\installed\x64-windows\include\GL\gl.h(1163,16): error C2182: 'APIENTRY': this use of 'void' is not valid
C:\cg_lib\vcpkg\installed\x64-windows\include\GL\gl.h(1163,16): error C2086: 'int APIENTRY': redefinition
C:\cg_lib\vcpkg\installed\x64-windows\include\GL\gl.h(1157,16): message : see declaration of 'APIENTRY'
C:\cg_lib\vcpkg\installed\x64-windows\include\GL\gl.h(1163,25): error C2146: syntax error: missing ';' before identifier 'glBitmap'
C:\cg_lib\vcpkg\installed\x64-windows\include\GL\gl.h(1163,148): error C4430: missing type specifier - int assumed. Note: C++ does not support default-int
C:\cg_lib\vcpkg\installed\x64-windows\include\GL\gl.h(1164,11): error C2144: syntax error: 'void' should be preceded by ';'
C:\cg_lib\vcpkg\installed\x64-windows\include\GL\gl.h(1164,16): error C4430: missing type specifier - int assumed. Note: C++ does not support default-int
C:\cg_lib\vcpkg\installed\x64-windows\include\GL\gl.h(1164,1): error C2086: 'int WINGDIAPI': redefinition
C:\cg_lib\vcpkg\installed\x64-windows\include\GL\gl.h(1157,1): message : see declaration of 'WINGDIAPI'
C:\cg_lib\vcpkg\installed\x64-windows\include\GL\gl.h(1164,16): error C2182: 'APIENTRY': this use of 'void' is not valid
C:\cg_lib\vcpkg\installed\x64-windows\include\GL\gl.h(1164,16): error C2086: 'int APIENTRY': redefinition
C:\cg_lib\vcpkg\installed\x64-windows\include\GL\gl.h(1157,16): message : see declaration of 'APIENTRY'
C:\cg_lib\vcpkg\installed\x64-windows\include\GL\gl.h(1164,25): error C2146: syntax error: missing ';' before identifier 'glBlendFunc'
C:\cg_lib\vcpkg\installed\x64-windows\include\GL\gl.h(1164,69): error C4430: missing type specifier - int assumed. Note: C++ does not support default-int
C:\cg_lib\vcpkg\installed\x64-windows\include\GL\gl.h(1165,11): error C2144: syntax error: 'void' should be preceded by ';'
C:\cg_lib\vcpkg\installed\x64-windows\include\GL\gl.h(1165,16): error C4430: missing type specifier - int assumed. Note: C++ does not support default-int
C:\cg_lib\vcpkg\installed\x64-windows\include\GL\gl.h(1165,1): error C2086: 'int WINGDIAPI': redefinition
C:\cg_lib\vcpkg\installed\x64-windows\include\GL\gl.h(1157,1): message : see declaration of 'WINGDIAPI'
C:\cg_lib\vcpkg\installed\x64-windows\include\GL\gl.h(1165,16): error C2182: 'APIENTRY': this use of 'void' is not valid
C:\cg_lib\vcpkg\installed\x64-windows\include\GL\gl.h(1165,16): error C2086: 'int APIENTRY': redefinition
C:\cg_lib\vcpkg\installed\x64-windows\include\GL\gl.h(1157,16): message : see declaration of 'APIENTRY'
C:\cg_lib\vcpkg\installed\x64-windows\include\GL\gl.h(1165,25): error C2146: syntax error: missing ';' before identifier 'glCallList'
C:\cg_lib\vcpkg\installed\x64-windows\include\GL\gl.h(1165,49): error C4430: missing type specifier - int assumed. Note: C++ does not support default-int
C:\cg_lib\vcpkg\installed\x64-windows\include\GL\gl.h(1166,11): error C2144: syntax error: 'void' should be preceded by ';'
C:\cg_lib\vcpkg\installed\x64-windows\include\GL\gl.h(1166,16): error C4430: missing type specifier - int assumed. Note: C++ does not support default-int
C:\cg_lib\vcpkg\installed\x64-windows\include\GL\gl.h(1166,1): error C2086: 'int WINGDIAPI': redefinition
C:\cg_lib\vcpkg\installed\x64-windows\include\GL\gl.h(1157,1): message : see declaration of 'WINGDIAPI'
C:\cg_lib\vcpkg\installed\x64-windows\include\GL\gl.h(1166,16): error C2182: 'APIENTRY': this use of 'void' is not valid
C:\cg_lib\vcpkg\installed\x64-windows\include\GL\gl.h(1166,16): error C2086: 'int APIENTRY': redefinition
C:\cg_lib\vcpkg\installed\x64-windows\include\GL\gl.h(1157,16): message : see declaration of 'APIENTRY'
C:\cg_lib\vcpkg\installed\x64-windows\include\GL\gl.h(1166,25): error C2146: syntax error: missing ';' before identifier 'glCallLists'
C:\cg_lib\vcpkg\installed\x64-windows\include\GL\gl.h(1166,82): error C4430: missing type specifier - int assumed. Note: C++ does not support default-int
C:\cg_lib\vcpkg\installed\x64-windows\include\GL\gl.h(1167,11): error C2144: syntax error: 'void' should be preceded by ';'
C:\cg_lib\vcpkg\installed\x64-windows\include\GL\gl.h(1167,16): error C4430: missing type specifier - int assumed. Note: C++ does not support default-int
C:\cg_lib\vcpkg\installed\x64-windows\include\GL\gl.h(1167,1): error C2086: 'int WINGDIAPI': redefinition
C:\cg_lib\vcpkg\installed\x64-windows\include\GL\gl.h(1157,1): message : see declaration of 'WINGDIAPI'
C:\cg_lib\vcpkg\installed\x64-windows\include\GL\gl.h(1167,16): error C2182: 'APIENTRY': this use of 'void' is not valid
C:\cg_lib\vcpkg\installed\x64-windows\include\GL\gl.h(1167,16): error C2086: 'int APIENTRY': redefinition
C:\cg_lib\vcpkg\installed\x64-windows\include\GL\gl.h(1157,16): message : see declaration of 'APIENTRY'
C:\cg_lib\vcpkg\installed\x64-windows\include\GL\gl.h(1167,25): error C2146: syntax error: missing ';' before identifier 'glClear'
C:\cg_lib\vcpkg\installed\x64-windows\include\GL\gl.h(1167,50): error C4430: missing type specifier - int assumed. Note: C++ does not support default-int
C:\cg_lib\vcpkg\installed\x64-windows\include\GL\gl.h(1168,11): error C2144: syntax error: 'void' should be preceded by ';'
C:\cg_lib\vcpkg\installed\x64-windows\include\GL\gl.h(1168,16): error C4430: missing type specifier - int assumed. Note: C++ does not support default-int
C:\cg_lib\vcpkg\installed\x64-windows\include\GL\gl.h(1168,1): error C2086: 'int WINGDIAPI': redefinition
C:\cg_lib\vcpkg\installed\x64-windows\include\GL\gl.h(1157,1): message : see declaration of 'WINGDIAPI'
C:\cg_lib\vcpkg\installed\x64-windows\include\GL\gl.h(1168,16): error C2182: 'APIENTRY': this use of 'void' is not valid
C:\cg_lib\vcpkg\installed\x64-windows\include\GL\gl.h(1168,16): error C2086: 'int APIENTRY': redefinition
C:\cg_lib\vcpkg\installed\x64-windows\include\GL\gl.h(1157,16): message : see declaration of 'APIENTRY'
C:\cg_lib\vcpkg\installed\x64-windows\include\GL\gl.h(1168,25): error C2146: syntax error: missing ';' before identifier 'glClearAccum'
C:\cg_lib\vcpkg\installed\x64-windows\include\GL\gl.h(1168,95): error C4430: missing type specifier - int assumed. Note: C++ does not support default-int
C:\cg_lib\vcpkg\installed\x64-windows\include\GL\gl.h(1169,11): error C2144: syntax error: 'void' should be preceded by ';'
C:\cg_lib\vcpkg\installed\x64-windows\include\GL\gl.h(1169,16): error C4430: missing type specifier - int assumed. Note: C++ does not support default-int
C:\cg_lib\vcpkg\installed\x64-windows\include\GL\gl.h(1169,1): error C2086: 'int WINGDIAPI': redefinition
C:\cg_lib\vcpkg\installed\x64-windows\include\GL\gl.h(1157,1): message : see declaration of 'WINGDIAPI'
C:\cg_lib\vcpkg\installed\x64-windows\include\GL\gl.h(1169,16): error C2182: 'APIENTRY': this use of 'void' is not valid
C:\cg_lib\vcpkg\installed\x64-windows\include\GL\gl.h(1169,16): error C2086: 'int APIENTRY': redefinition
C:\cg_lib\vcpkg\installed\x64-windows\include\GL\gl.h(1157,16): message : see declaration of 'APIENTRY'
C:\cg_lib\vcpkg\installed\x64-windows\include\GL\gl.h(1169,25): error C2146: syntax error: missing ';' before identifier 'glClearColor'
C:\cg_lib\vcpkg\installed\x64-windows\include\GL\gl.h(1169,99): error C4430: missing type specifier - int assumed. Note: C++ does not support default-int
C:\cg_lib\vcpkg\installed\x64-windows\include\GL\gl.h(1170,11): error C2144: syntax error: 'void' should be preceded by ';'
C:\cg_lib\vcpkg\installed\x64-windows\include\GL\gl.h(1170,16): error C4430: missing type specifier - int assumed. Note: C++ does not support default-int
C:\cg_lib\vcpkg\installed\x64-windows\include\GL\gl.h(1170,1): error C2086: 'int WINGDIAPI': redefinition
C:\cg_lib\vcpkg\installed\x64-windows\include\GL\gl.h(1157,1): message : see declaration of 'WINGDIAPI'
C:\cg_lib\vcpkg\installed\x64-windows\include\GL\gl.h(1170,16): error C2182: 'APIENTRY': this use of 'void' is not valid
C:\cg_lib\vcpkg\installed\x64-windows\include\GL\gl.h(1170,16): error C2086: 'int APIENTRY': redefinition
C:\cg_lib\vcpkg\installed\x64-windows\include\GL\gl.h(1157,16): message : see declaration of 'APIENTRY'
C:\cg_lib\vcpkg\installed\x64-windows\include\GL\gl.h(1170,25): error C2146: syntax error: missing ';' before identifier 'glClearDepth'
C:\cg_lib\vcpkg\installed\x64-windows\include\GL\gl.h(1170,54): error C4430: missing type specifier - int assumed. Note: C++ does not support default-int
C:\cg_lib\vcpkg\installed\x64-windows\include\GL\gl.h(1171,11): error C2144: syntax error: 'void' should be preceded by ';'
C:\cg_lib\vcpkg\installed\x64-windows\include\GL\gl.h(1171,16): error C4430: missing type specifier - int assumed. Note: C++ does not support default-int
C:\cg_lib\vcpkg\installed\x64-windows\include\GL\gl.h(1171,1): error C2086: 'int WINGDIAPI': redefinition
C:\cg_lib\vcpkg\installed\x64-windows\include\GL\gl.h(1157,1): message : see declaration of 'WINGDIAPI'
C:\cg_lib\vcpkg\installed\x64-windows\include\GL\gl.h(1171,16): error C2182: 'APIENTRY': this use of 'void' is not valid
C:\cg_lib\vcpkg\installed\x64-windows\include\GL\gl.h(1171,16): error C2086: 'int APIENTRY': redefinition
C:\cg_lib\vcpkg\installed\x64-windows\include\GL\gl.h(1157,16): message : see declaration of 'APIENTRY'
C:\cg_lib\vcpkg\installed\x64-windows\include\GL\gl.h(1171,25): error C2146: syntax error: missing ';' before identifier 'glClearIndex'
C:\cg_lib\vcpkg\installed\x64-windows\include\GL\gl.h(1171,49): error C4430: missing type specifier - int assumed. Note: C++ does not support default-int
C:\cg_lib\vcpkg\installed\x64-windows\include\GL\gl.h(1172,11): error C2144: syntax error: 'void' should be preceded by ';'
C:\cg_lib\vcpkg\installed\x64-windows\include\GL\gl.h(1172,16): error C4430: missing type specifier - int assumed. Note: C++ does not support default-int
C:\cg_lib\vcpkg\installed\x64-windows\include\GL\gl.h(1172,1): error C2086: 'int WINGDIAPI': redefinition
C:\cg_lib\vcpkg\installed\x64-windows\include\GL\gl.h(1157,1): message : see declaration of 'WINGDIAPI'
C:\cg_lib\vcpkg\installed\x64-windows\include\GL\gl.h(1172,16): error C2182: 'APIENTRY': this use of 'void' is not valid
C:\cg_lib\vcpkg\installed\x64-windows\include\GL\gl.h(1172,16): error C2086: 'int APIENTRY': redefinition
C:\cg_lib\vcpkg\installed\x64-windows\include\GL\gl.h(1157,16): message : see declaration of 'APIENTRY'
C:\cg_lib\vcpkg\installed\x64-windows\include\GL\gl.h(1172,25): error C2146: syntax error: missing ';' before identifier 'glClearStencil'
C:\cg_lib\vcpkg\installed\x64-windows\include\GL\gl.h(1172,49): error C4430: missing type specifier - int assumed. Note: C++ does not support default-int
C:\cg_lib\vcpkg\installed\x64-windows\include\GL\gl.h(1173,11): error C2144: syntax error: 'void' should be preceded by ';'
C:\cg_lib\vcpkg\installed\x64-windows\include\GL\gl.h(1173,16): error C4430: missing type specifier - int assumed. Note: C++ does not support default-int
C:\cg_lib\vcpkg\installed\x64-windows\include\GL\gl.h(1173,1): error C2086: 'int WINGDIAPI': redefinition
C:\cg_lib\vcpkg\installed\x64-windows\include\GL\gl.h(1157,1): message : see declaration of 'WINGDIAPI'
C:\cg_lib\vcpkg\installed\x64-windows\include\GL\gl.h(1173,16): error C2182: 'APIENTRY': this use of 'void' is not valid
C:\cg_lib\vcpkg\installed\x64-windows\include\GL\gl.h(1173,16): error C2086: 'int APIENTRY': redefinition
C:\cg_lib\vcpkg\installed\x64-windows\include\GL\gl.h(1157,16): message : see declaration of 'APIENTRY'
C:\cg_lib\vcpkg\installed\x64-windows\include\GL\gl.h(1173,25): error C2146: syntax error: missing ';' before identifier 'glClipPlane'
C:\cg_lib\vcpkg\installed\x64-windows\include\GL\gl.h(1173,77): error C4430: missing type specifier - int assumed. Note: C++ does not support default-int
C:\cg_lib\vcpkg\installed\x64-windows\include\GL\gl.h(1174,11): error C2144: syntax error: 'void' should be preceded by ';'
C:\cg_lib\vcpkg\installed\x64-windows\include\GL\gl.h(1174,16): error C4430: missing type specifier - int assumed. Note: C++ does not support default-int
C:\cg_lib\vcpkg\installed\x64-windows\include\GL\gl.h(1174,1): error C2086: 'int WINGDIAPI': redefinition
C:\cg_lib\vcpkg\installed\x64-windows\include\GL\gl.h(1157,1): message : see declaration of 'WINGDIAPI'
C:\cg_lib\vcpkg\installed\x64-windows\include\GL\gl.h(1174,16): error C2182: 'APIENTRY': this use of 'void' is not valid
C:\cg_lib\vcpkg\installed\x64-windows\include\GL\gl.h(1174,16): error C2086: 'int APIENTRY': redefinition
C:\cg_lib\vcpkg\installed\x64-windows\include\GL\gl.h(1157,16): message : see declaration of 'APIENTRY'
C:\cg_lib\vcpkg\installed\x64-windows\include\GL\gl.h(1174,25): error C2146: syntax error: missing ';' before identifier 'glColor3b'
C:\cg_lib\vcpkg\installed\x64-windows\include\GL\gl.h(1174,74): error C4430: missing type specifier - int assumed. Note: C++ does not support default-int
C:\cg_lib\vcpkg\installed\x64-windows\include\GL\gl.h(1175,11): error C2144: syntax error: 'void' should be preceded by ';'
C:\cg_lib\vcpkg\installed\x64-windows\include\GL\gl.h(1175,16): error C4430: missing type specifier - int assumed. Note: C++ does not support default-int
C:\cg_lib\vcpkg\installed\x64-windows\include\GL\gl.h(1175,1): error C2086: 'int WINGDIAPI': redefinition
C:\cg_lib\vcpkg\installed\x64-windows\include\GL\gl.h(1157,1): message : see declaration of 'WINGDIAPI'
C:\cg_lib\vcpkg\installed\x64-windows\include\GL\gl.h(1175,16): error C2182: 'APIENTRY': this use of 'void' is not valid
C:\cg_lib\vcpkg\installed\x64-windows\include\GL\gl.h(1175,16): error C2086: 'int APIENTRY': redefinition
C:\cg_lib\vcpkg\installed\x64-windows\include\GL\gl.h(1157,16): message : see declaration of 'APIENTRY'
C:\cg_lib\vcpkg\installed\x64-windows\include\GL\gl.h(1175,25): error C2146: syntax error: missing ';' before identifier 'glColor3bv'
C:\cg_lib\vcpkg\installed\x64-windows\include\GL\gl.h(1175,53): error C4430: missing type specifier - int assumed. Note: C++ does not support default-int
C:\cg_lib\vcpkg\installed\x64-windows\include\GL\gl.h(1176,11): error C2144: syntax error: 'void' should be preceded by ';'
C:\cg_lib\vcpkg\installed\x64-windows\include\GL\gl.h(1176,16): error C4430: missing type specifier - int assumed. Note: C++ does not support default-int
C:\cg_lib\vcpkg\installed\x64-windows\include\GL\gl.h(1176,1): error C2086: 'int WINGDIAPI': redefinition
C:\cg_lib\vcpkg\installed\x64-windows\include\GL\gl.h(1157,1): message : see declaration of 'WINGDIAPI'
C:\cg_lib\vcpkg\installed\x64-windows\include\GL\gl.h(1176,16): error C2182: 'APIENTRY': this use of 'void' is not valid
C:\cg_lib\vcpkg\installed\x64-windows\include\GL\gl.h(1176,16): error C2086: 'int APIENTRY': redefinition
C:\cg_lib\vcpkg\installed\x64-windows\include\GL\gl.h(1157,16): message : see declaration of 'APIENTRY'
C:\cg_lib\vcpkg\installed\x64-windows\include\GL\gl.h(1176,25): error C2146: syntax error: missing ';' before identifier 'glColor3d'
C:\cg_lib\vcpkg\installed\x64-windows\include\GL\gl.h(1176,80): error C4430: missing type specifier - int assumed. Note: C++ does not support default-int
C:\cg_lib\vcpkg\installed\x64-windows\include\GL\gl.h(1177,11): error C2144: syntax error: 'void' should be preceded by ';'
C:\cg_lib\vcpkg\installed\x64-windows\include\GL\gl.h(1177,16): error C4430: missing type specifier - int assumed. Note: C++ does not support default-int
C:\cg_lib\vcpkg\installed\x64-windows\include\GL\gl.h(1177,1): error C2086: 'int WINGDIAPI': redefinition
C:\cg_lib\vcpkg\installed\x64-windows\include\GL\gl.h(1157,1): message : see declaration of 'WINGDIAPI'
C:\cg_lib\vcpkg\installed\x64-windows\include\GL\gl.h(1177,16): error C2182: 'APIENTRY': this use of 'void' is not valid
C:\cg_lib\vcpkg\installed\x64-windows\include\GL\gl.h(1177,16): error C2086: 'int APIENTRY': redefinition
C:\cg_lib\vcpkg\installed\x64-windows\include\GL\gl.h(1157,16): message : see declaration of 'APIENTRY'
C:\cg_lib\vcpkg\installed\x64-windows\include\GL\gl.h(1177,25): error C2146: syntax error: missing ';' before identifier 'glColor3dv'
C:\cg_lib\vcpkg\installed\x64-windows\include\GL\gl.h(1177,55): error C4430: missing type specifier - int assumed. Note: C++ does not support default-int
C:\cg_lib\vcpkg\installed\x64-windows\include\GL\gl.h(1178,11): error C2144: syntax error: 'void' should be preceded by ';'
C:\cg_lib\vcpkg\installed\x64-windows\include\GL\gl.h(1178,16): fatal  error C1003: error count exceeds 100; stopping compilation
